-----------------------------PIF-----------------------------
# -> -1=-1
  -> -1=-1
  -> -1=-1
let -> -1=-1
  -> -1=-1
n1 -> 9=0
  -> -1=-1
: -> -1=-1
  -> -1=-1
integer -> -1=-1
; -> -1=-1
  -> -1=-1
  -> -1=-1
let -> -1=-1
  -> -1=-1
n2 -> 0=0
  -> -1=-1
: -> -1=-1
  -> -1=-1
integer -> -1=-1
; -> -1=-1
  -> -1=-1
  -> -1=-1
let -> -1=-1
  -> -1=-1
n3 -> 1=0
  -> -1=-1
: -> -1=-1
  -> -1=-1
integer -> -1=-1
; -> -1=-1
  -> -1=-1
  -> -1=-1
read -> -1=-1
( -> -1=-1
n1 -> 9=0
) -> -1=-1
; -> -1=-1
  -> -1=-1
  -> -1=-1
read -> -1=-1
( -> -1=-1
n2 -> 0=0
) -> -1=-1
; -> -1=-1
  -> -1=-1
  -> -1=-1
read -> -1=-1
( -> -1=-1
n3 -> 1=0
) -> -1=-1
; -> -1=-1
  -> -1=-1
  -> -1=-1
let -> -1=-1
  -> -1=-1
sum -> 1=1
  -> -1=-1
: -> -1=-1
  -> -1=-1
integer -> -1=-1
; -> -1=-1
  -> -1=-1
  -> -1=-1
let -> -1=-1
  -> -1=-1
am -> 6=0
  -> -1=-1
: -> -1=-1
  -> -1=-1
float -> -1=-1
; -> -1=-1
  -> -1=-1
  -> -1=-1
sum -> 1=1
  -> -1=-1
<- -> -1=-1
  -> -1=-1
n1 -> 9=0
  -> -1=-1
+ -> -1=-1
  -> -1=-1
n2 -> 0=0
  -> -1=-1
+ -> -1=-1
  -> -1=-1
n3 -> 1=0
; -> -1=-1
  -> -1=-1
  -> -1=-1
am -> 6=0
  -> -1=-1
<- -> -1=-1
  -> -1=-1
sum -> 1=1
  -> -1=-1
/ -> -1=-1
  -> -1=-1
3 -> 1=0
; -> -1=-1
  -> -1=-1
  -> -1=-1
return -> -1=-1
  -> -1=-1
am -> 6=0
; -> -1=-1
# -> -1=-1
