-----------------------------PIF-----------------------------
# -> -1=-1
  -> -1=-1
  -> -1=-1
let -> -1=-1
  -> -1=-1
id -> 9=0
  -> -1=-1
: -> -1=-1
  -> -1=-1
integer -> -1=-1
; -> -1=-1
  -> -1=-1
  -> -1=-1
let -> -1=-1
  -> -1=-1
id -> 0=0
  -> -1=-1
: -> -1=-1
  -> -1=-1
integer -> -1=-1
; -> -1=-1
  -> -1=-1
  -> -1=-1
let -> -1=-1
  -> -1=-1
id -> 1=0
  -> -1=-1
: -> -1=-1
  -> -1=-1
integer -> -1=-1
; -> -1=-1
  -> -1=-1
  -> -1=-1
read -> -1=-1
( -> -1=-1
id -> 9=0
) -> -1=-1
; -> -1=-1
  -> -1=-1
  -> -1=-1
read -> -1=-1
( -> -1=-1
id -> 0=0
) -> -1=-1
; -> -1=-1
  -> -1=-1
  -> -1=-1
read -> -1=-1
( -> -1=-1
id -> 1=0
) -> -1=-1
; -> -1=-1
  -> -1=-1
  -> -1=-1
let -> -1=-1
  -> -1=-1
id -> 1=1
  -> -1=-1
: -> -1=-1
  -> -1=-1
integer -> -1=-1
; -> -1=-1
  -> -1=-1
  -> -1=-1
let -> -1=-1
  -> -1=-1
id -> 6=0
  -> -1=-1
: -> -1=-1
  -> -1=-1
float -> -1=-1
; -> -1=-1
  -> -1=-1
  -> -1=-1
id -> 1=1
  -> -1=-1
<- -> -1=-1
  -> -1=-1
id -> 9=0
  -> -1=-1
+ -> -1=-1
  -> -1=-1
id -> 0=0
  -> -1=-1
+ -> -1=-1
  -> -1=-1
id -> 1=0
; -> -1=-1
  -> -1=-1
  -> -1=-1
id -> 6=0
  -> -1=-1
<- -> -1=-1
  -> -1=-1
id -> 1=1
  -> -1=-1
/ -> -1=-1
  -> -1=-1
const -> 1=0
; -> -1=-1
  -> -1=-1
  -> -1=-1
return -> -1=-1
  -> -1=-1
id -> 6=0
; -> -1=-1
# -> -1=-1
